2021-12-27 15:13:21.188  INFO 16888 --- [restartedMain] c.b.e.EmployeePayrollAppApplication      : Starting EmployeePayrollAppApplication using Java 17.0.1 on LAPTOP-2QCRQUIT with PID 16888 (C:\Springboot\employeepayrollapp\employeepayrollapp\target\classes started by 91855 in C:\Springboot\employeepayrollapp\employeepayrollapp)
2021-12-27 15:13:21.194 DEBUG 16888 --- [restartedMain] c.b.e.EmployeePayrollAppApplication      : Running with Spring Boot v2.6.2, Spring v5.3.14
2021-12-27 15:13:21.195  INFO 16888 --- [restartedMain] c.b.e.EmployeePayrollAppApplication      : No active profile set, falling back to default profiles: default
2021-12-27 15:13:22.403  WARN 16888 --- [restartedMain] com.zaxxer.hikari.util.DriverDataSource  : Registered driver with driverClassName=com.mysql.jdbc.Driver was not found, trying direct instantiation.
2021-12-27 15:13:22.508  WARN 16888 --- [restartedMain] JpaBaseConfiguration$JpaWebConfiguration : spring.jpa.open-in-view is enabled by default. Therefore, database queries may be performed during view rendering. Explicitly configure spring.jpa.open-in-view to disable this warning
2021-12-27 15:13:22.675  WARN 16888 --- [restartedMain] ion$DefaultTemplateResolverConfiguration : Cannot find template location: classpath:/templates/ (please add some templates or check your Thymeleaf configuration)
2021-12-27 15:13:22.851  INFO 16888 --- [restartedMain] c.b.e.EmployeePayrollAppApplication      : Started EmployeePayrollAppApplication in 1.836 seconds (JVM running for 782.33)
2021-12-27 15:13:31.746  INFO 16888 --- [restartedMain] c.b.e.EmployeePayrollAppApplication      : Starting EmployeePayrollAppApplication using Java 17.0.1 on LAPTOP-2QCRQUIT with PID 16888 (C:\Springboot\employeepayrollapp\employeepayrollapp\target\classes started by 91855 in C:\Springboot\employeepayrollapp\employeepayrollapp)
2021-12-27 15:13:31.747 DEBUG 16888 --- [restartedMain] c.b.e.EmployeePayrollAppApplication      : Running with Spring Boot v2.6.2, Spring v5.3.14
2021-12-27 15:13:31.748  INFO 16888 --- [restartedMain] c.b.e.EmployeePayrollAppApplication      : No active profile set, falling back to default profiles: default
2021-12-27 15:13:33.005  WARN 16888 --- [restartedMain] com.zaxxer.hikari.util.DriverDataSource  : Registered driver with driverClassName=com.mysql.jdbc.Driver was not found, trying direct instantiation.
2021-12-27 15:13:33.129  WARN 16888 --- [restartedMain] JpaBaseConfiguration$JpaWebConfiguration : spring.jpa.open-in-view is enabled by default. Therefore, database queries may be performed during view rendering. Explicitly configure spring.jpa.open-in-view to disable this warning
2021-12-27 15:13:33.265  WARN 16888 --- [restartedMain] ion$DefaultTemplateResolverConfiguration : Cannot find template location: classpath:/templates/ (please add some templates or check your Thymeleaf configuration)
2021-12-27 15:13:33.344  INFO 16888 --- [restartedMain] c.b.e.EmployeePayrollAppApplication      : Started EmployeePayrollAppApplication in 1.677 seconds (JVM running for 792.823)
2021-12-27 15:14:09.097  INFO 2372 --- [restartedMain] c.b.e.EmployeePayrollAppApplication      : Starting EmployeePayrollAppApplication using Java 17.0.1 on LAPTOP-2QCRQUIT with PID 2372 (C:\Springboot\employeepayrollapp\employeepayrollapp\target\classes started by 91855 in C:\Springboot\employeepayrollapp\employeepayrollapp)
2021-12-27 15:14:09.101 DEBUG 2372 --- [restartedMain] c.b.e.EmployeePayrollAppApplication      : Running with Spring Boot v2.6.2, Spring v5.3.14
2021-12-27 15:14:09.102  INFO 2372 --- [restartedMain] c.b.e.EmployeePayrollAppApplication      : No active profile set, falling back to default profiles: default
2021-12-27 15:14:14.084  WARN 2372 --- [restartedMain] com.zaxxer.hikari.util.DriverDataSource  : Registered driver with driverClassName=com.mysql.jdbc.Driver was not found, trying direct instantiation.
2021-12-27 15:14:16.064  WARN 2372 --- [restartedMain] JpaBaseConfiguration$JpaWebConfiguration : spring.jpa.open-in-view is enabled by default. Therefore, database queries may be performed during view rendering. Explicitly configure spring.jpa.open-in-view to disable this warning
2021-12-27 15:14:16.810  WARN 2372 --- [restartedMain] ion$DefaultTemplateResolverConfiguration : Cannot find template location: classpath:/templates/ (please add some templates or check your Thymeleaf configuration)
2021-12-27 15:14:17.082  WARN 2372 --- [restartedMain] o.s.b.d.a.OptionalLiveReloadServer       : Unable to start LiveReload server
2021-12-27 15:14:17.149  WARN 2372 --- [restartedMain] ConfigServletWebServerApplicationContext : Exception encountered during context initialization - cancelling refresh attempt: org.springframework.context.ApplicationContextException: Failed to start bean 'webServerStartStop'; nested exception is org.springframework.boot.web.server.PortInUseException: Port 8080 is already in use
2021-12-27 15:14:17.253 ERROR 2372 --- [restartedMain] o.s.b.d.LoggingFailureAnalysisReporter   : 

***************************
APPLICATION FAILED TO START
***************************

Description:

Web server failed to start. Port 8080 was already in use.

Action:

Identify and stop the process that's listening on port 8080 or configure this application to listen on another port.

2021-12-27 15:14:31.351  INFO 16884 --- [restartedMain] c.b.e.EmployeePayrollAppApplication      : Starting EmployeePayrollAppApplication using Java 17.0.1 on LAPTOP-2QCRQUIT with PID 16884 (C:\Springboot\employeepayrollapp\employeepayrollapp\target\classes started by 91855 in C:\Springboot\employeepayrollapp\employeepayrollapp)
2021-12-27 15:14:31.355 DEBUG 16884 --- [restartedMain] c.b.e.EmployeePayrollAppApplication      : Running with Spring Boot v2.6.2, Spring v5.3.14
2021-12-27 15:14:31.356  INFO 16884 --- [restartedMain] c.b.e.EmployeePayrollAppApplication      : No active profile set, falling back to default profiles: default
2021-12-27 15:14:36.708  WARN 16884 --- [restartedMain] com.zaxxer.hikari.util.DriverDataSource  : Registered driver with driverClassName=com.mysql.jdbc.Driver was not found, trying direct instantiation.
2021-12-27 15:14:38.664  WARN 16884 --- [restartedMain] JpaBaseConfiguration$JpaWebConfiguration : spring.jpa.open-in-view is enabled by default. Therefore, database queries may be performed during view rendering. Explicitly configure spring.jpa.open-in-view to disable this warning
2021-12-27 15:14:39.397  WARN 16884 --- [restartedMain] ion$DefaultTemplateResolverConfiguration : Cannot find template location: classpath:/templates/ (please add some templates or check your Thymeleaf configuration)
2021-12-27 15:14:39.837  INFO 16884 --- [restartedMain] c.b.e.EmployeePayrollAppApplication      : Started EmployeePayrollAppApplication in 9.486 seconds (JVM running for 11.645)
2021-12-27 15:15:51.095  INFO 9700 --- [restartedMain] c.b.e.EmployeePayrollAppApplication      : Starting EmployeePayrollAppApplication using Java 17.0.1 on LAPTOP-2QCRQUIT with PID 9700 (C:\Springboot\employeepayrollapp\employeepayrollapp\target\classes started by 91855 in C:\Springboot\employeepayrollapp\employeepayrollapp)
2021-12-27 15:15:51.101 DEBUG 9700 --- [restartedMain] c.b.e.EmployeePayrollAppApplication      : Running with Spring Boot v2.6.2, Spring v5.3.14
2021-12-27 15:15:51.102  INFO 9700 --- [restartedMain] c.b.e.EmployeePayrollAppApplication      : No active profile set, falling back to default profiles: default
2021-12-27 15:15:56.545  WARN 9700 --- [restartedMain] com.zaxxer.hikari.util.DriverDataSource  : Registered driver with driverClassName=com.mysql.jdbc.Driver was not found, trying direct instantiation.
2021-12-27 15:15:58.508  WARN 9700 --- [restartedMain] JpaBaseConfiguration$JpaWebConfiguration : spring.jpa.open-in-view is enabled by default. Therefore, database queries may be performed during view rendering. Explicitly configure spring.jpa.open-in-view to disable this warning
2021-12-27 15:15:59.309  WARN 9700 --- [restartedMain] ion$DefaultTemplateResolverConfiguration : Cannot find template location: classpath:/templates/ (please add some templates or check your Thymeleaf configuration)
2021-12-27 15:15:59.598  WARN 9700 --- [restartedMain] o.s.b.d.a.OptionalLiveReloadServer       : Unable to start LiveReload server
2021-12-27 15:15:59.659  WARN 9700 --- [restartedMain] ConfigServletWebServerApplicationContext : Exception encountered during context initialization - cancelling refresh attempt: org.springframework.context.ApplicationContextException: Failed to start bean 'webServerStartStop'; nested exception is org.springframework.boot.web.server.PortInUseException: Port 8080 is already in use
2021-12-27 15:15:59.834 ERROR 9700 --- [restartedMain] o.s.b.d.LoggingFailureAnalysisReporter   : 

***************************
APPLICATION FAILED TO START
***************************

Description:

Web server failed to start. Port 8080 was already in use.

Action:

Identify and stop the process that's listening on port 8080 or configure this application to listen on another port.

2021-12-27 15:16:12.867  INFO 11488 --- [restartedMain] c.b.e.EmployeePayrollAppApplication      : Starting EmployeePayrollAppApplication using Java 17.0.1 on LAPTOP-2QCRQUIT with PID 11488 (C:\Springboot\employeepayrollapp\employeepayrollapp\target\classes started by 91855 in C:\Springboot\employeepayrollapp\employeepayrollapp)
2021-12-27 15:16:12.876 DEBUG 11488 --- [restartedMain] c.b.e.EmployeePayrollAppApplication      : Running with Spring Boot v2.6.2, Spring v5.3.14
2021-12-27 15:16:12.878  INFO 11488 --- [restartedMain] c.b.e.EmployeePayrollAppApplication      : No active profile set, falling back to default profiles: default
2021-12-27 15:16:18.161  WARN 11488 --- [restartedMain] com.zaxxer.hikari.util.DriverDataSource  : Registered driver with driverClassName=com.mysql.jdbc.Driver was not found, trying direct instantiation.
2021-12-27 15:16:20.107  WARN 11488 --- [restartedMain] JpaBaseConfiguration$JpaWebConfiguration : spring.jpa.open-in-view is enabled by default. Therefore, database queries may be performed during view rendering. Explicitly configure spring.jpa.open-in-view to disable this warning
2021-12-27 15:16:20.895  WARN 11488 --- [restartedMain] ion$DefaultTemplateResolverConfiguration : Cannot find template location: classpath:/templates/ (please add some templates or check your Thymeleaf configuration)
2021-12-27 15:16:21.354  INFO 11488 --- [restartedMain] c.b.e.EmployeePayrollAppApplication      : Started EmployeePayrollAppApplication in 9.615 seconds (JVM running for 11.706)
2021-12-27 15:54:26.517  INFO 11488 --- [restartedMain] c.b.e.EmployeePayrollAppApplication      : Starting EmployeePayrollAppApplication using Java 17.0.1 on LAPTOP-2QCRQUIT with PID 11488 (C:\Springboot\employeepayrollapp\employeepayrollapp\target\classes started by 91855 in C:\Springboot\employeepayrollapp\employeepayrollapp)
2021-12-27 15:54:26.518 DEBUG 11488 --- [restartedMain] c.b.e.EmployeePayrollAppApplication      : Running with Spring Boot v2.6.2, Spring v5.3.14
2021-12-27 15:54:26.520  INFO 11488 --- [restartedMain] c.b.e.EmployeePayrollAppApplication      : No active profile set, falling back to default profiles: default
2021-12-27 15:54:27.789  WARN 11488 --- [restartedMain] com.zaxxer.hikari.util.DriverDataSource  : Registered driver with driverClassName=com.mysql.jdbc.Driver was not found, trying direct instantiation.
2021-12-27 15:54:27.950  WARN 11488 --- [restartedMain] JpaBaseConfiguration$JpaWebConfiguration : spring.jpa.open-in-view is enabled by default. Therefore, database queries may be performed during view rendering. Explicitly configure spring.jpa.open-in-view to disable this warning
2021-12-27 15:54:28.126  WARN 11488 --- [restartedMain] ion$DefaultTemplateResolverConfiguration : Cannot find template location: classpath:/templates/ (please add some templates or check your Thymeleaf configuration)
2021-12-27 15:54:28.305  INFO 11488 --- [restartedMain] c.b.e.EmployeePayrollAppApplication      : Started EmployeePayrollAppApplication in 1.903 seconds (JVM running for 2298.657)
2021-12-27 16:05:54.524  INFO 11488 --- [restartedMain] c.b.e.EmployeePayrollAppApplication      : Starting EmployeePayrollAppApplication using Java 17.0.1 on LAPTOP-2QCRQUIT with PID 11488 (C:\Springboot\employeepayrollapp\employeepayrollapp\target\classes started by 91855 in C:\Springboot\employeepayrollapp\employeepayrollapp)
2021-12-27 16:05:54.527 DEBUG 11488 --- [restartedMain] c.b.e.EmployeePayrollAppApplication      : Running with Spring Boot v2.6.2, Spring v5.3.14
2021-12-27 16:05:54.528  INFO 11488 --- [restartedMain] c.b.e.EmployeePayrollAppApplication      : No active profile set, falling back to default profiles: default
2021-12-27 16:05:55.614  WARN 11488 --- [restartedMain] com.zaxxer.hikari.util.DriverDataSource  : Registered driver with driverClassName=com.mysql.jdbc.Driver was not found, trying direct instantiation.
2021-12-27 16:05:55.764  WARN 11488 --- [restartedMain] JpaBaseConfiguration$JpaWebConfiguration : spring.jpa.open-in-view is enabled by default. Therefore, database queries may be performed during view rendering. Explicitly configure spring.jpa.open-in-view to disable this warning
2021-12-27 16:05:55.949  WARN 11488 --- [restartedMain] ion$DefaultTemplateResolverConfiguration : Cannot find template location: classpath:/templates/ (please add some templates or check your Thymeleaf configuration)
2021-12-27 16:05:56.088  INFO 11488 --- [restartedMain] c.b.e.EmployeePayrollAppApplication      : Started EmployeePayrollAppApplication in 1.645 seconds (JVM running for 2986.441)
2021-12-27 16:07:14.006  INFO 11488 --- [restartedMain] c.b.e.EmployeePayrollAppApplication      : Starting EmployeePayrollAppApplication using Java 17.0.1 on LAPTOP-2QCRQUIT with PID 11488 (C:\Springboot\employeepayrollapp\employeepayrollapp\target\classes started by 91855 in C:\Springboot\employeepayrollapp\employeepayrollapp)
2021-12-27 16:07:14.006 DEBUG 11488 --- [restartedMain] c.b.e.EmployeePayrollAppApplication      : Running with Spring Boot v2.6.2, Spring v5.3.14
2021-12-27 16:07:14.007  INFO 11488 --- [restartedMain] c.b.e.EmployeePayrollAppApplication      : No active profile set, falling back to default profiles: default
2021-12-27 16:07:15.036  WARN 11488 --- [restartedMain] com.zaxxer.hikari.util.DriverDataSource  : Registered driver with driverClassName=com.mysql.jdbc.Driver was not found, trying direct instantiation.
2021-12-27 16:07:15.178  WARN 11488 --- [restartedMain] JpaBaseConfiguration$JpaWebConfiguration : spring.jpa.open-in-view is enabled by default. Therefore, database queries may be performed during view rendering. Explicitly configure spring.jpa.open-in-view to disable this warning
2021-12-27 16:07:15.370  WARN 11488 --- [restartedMain] ion$DefaultTemplateResolverConfiguration : Cannot find template location: classpath:/templates/ (please add some templates or check your Thymeleaf configuration)
2021-12-27 16:07:15.504  INFO 11488 --- [restartedMain] c.b.e.EmployeePayrollAppApplication      : Started EmployeePayrollAppApplication in 1.563 seconds (JVM running for 3065.857)
2021-12-27 16:08:14.066  INFO 11488 --- [restartedMain] c.b.e.EmployeePayrollAppApplication      : Starting EmployeePayrollAppApplication using Java 17.0.1 on LAPTOP-2QCRQUIT with PID 11488 (C:\Springboot\employeepayrollapp\employeepayrollapp\target\classes started by 91855 in C:\Springboot\employeepayrollapp\employeepayrollapp)
2021-12-27 16:08:14.067 DEBUG 11488 --- [restartedMain] c.b.e.EmployeePayrollAppApplication      : Running with Spring Boot v2.6.2, Spring v5.3.14
2021-12-27 16:08:14.068  INFO 11488 --- [restartedMain] c.b.e.EmployeePayrollAppApplication      : No active profile set, falling back to default profiles: default
2021-12-27 16:08:15.050  WARN 11488 --- [restartedMain] com.zaxxer.hikari.util.DriverDataSource  : Registered driver with driverClassName=com.mysql.jdbc.Driver was not found, trying direct instantiation.
2021-12-27 16:08:15.220  WARN 11488 --- [restartedMain] JpaBaseConfiguration$JpaWebConfiguration : spring.jpa.open-in-view is enabled by default. Therefore, database queries may be performed during view rendering. Explicitly configure spring.jpa.open-in-view to disable this warning
2021-12-27 16:08:15.402  WARN 11488 --- [restartedMain] ion$DefaultTemplateResolverConfiguration : Cannot find template location: classpath:/templates/ (please add some templates or check your Thymeleaf configuration)
2021-12-27 16:08:15.561  INFO 11488 --- [restartedMain] c.b.e.EmployeePayrollAppApplication      : Started EmployeePayrollAppApplication in 1.602 seconds (JVM running for 3125.914)
2021-12-27 16:09:52.430  INFO 11488 --- [restartedMain] c.b.e.EmployeePayrollAppApplication      : Starting EmployeePayrollAppApplication using Java 17.0.1 on LAPTOP-2QCRQUIT with PID 11488 (C:\Springboot\employeepayrollapp\employeepayrollapp\target\classes started by 91855 in C:\Springboot\employeepayrollapp\employeepayrollapp)
2021-12-27 16:09:52.431 DEBUG 11488 --- [restartedMain] c.b.e.EmployeePayrollAppApplication      : Running with Spring Boot v2.6.2, Spring v5.3.14
2021-12-27 16:09:52.432  INFO 11488 --- [restartedMain] c.b.e.EmployeePayrollAppApplication      : No active profile set, falling back to default profiles: default
2021-12-27 16:09:53.367  WARN 11488 --- [restartedMain] com.zaxxer.hikari.util.DriverDataSource  : Registered driver with driverClassName=com.mysql.jdbc.Driver was not found, trying direct instantiation.
2021-12-27 16:09:53.535  WARN 11488 --- [restartedMain] JpaBaseConfiguration$JpaWebConfiguration : spring.jpa.open-in-view is enabled by default. Therefore, database queries may be performed during view rendering. Explicitly configure spring.jpa.open-in-view to disable this warning
2021-12-27 16:09:53.753  WARN 11488 --- [restartedMain] ion$DefaultTemplateResolverConfiguration : Cannot find template location: classpath:/templates/ (please add some templates or check your Thymeleaf configuration)
2021-12-27 16:09:53.862  INFO 11488 --- [restartedMain] c.b.e.EmployeePayrollAppApplication      : Started EmployeePayrollAppApplication in 1.511 seconds (JVM running for 3224.215)
